<?xml version="1.0" encoding="UTF-8"?>
<!-- Generated by org.testng.reporters.JUnitXMLReporter -->
<testsuite hostname="RAVI-PC" ignored="0" name="Default test" tests="3" failures="0" timestamp="17 Sep 2020 07:50:26 GMT" time="47.621" errors="0">
  <testcase name="verifycontactsPageHeaderTest" time="5.009" classname="com.qa.hubspot.tests.ContactspageTest"/>
  <testcase name="verifyContactsPageTitleTest" time="0.753" classname="com.qa.hubspot.tests.ContactspageTest"/>
  <testcase name="createContactsPageTest" time="4.191" classname="com.qa.hubspot.tests.ContactspageTest"/>
</testsuite> <!-- Default test -->
