<?xml version="1.0" encoding="UTF-8"?>
<!-- Generated by org.testng.reporters.JUnitXMLReporter -->
<testsuite hostname="RAVI-PC" ignored="0" name="login page test" tests="3" failures="0" timestamp="17 Sep 2020 13:09:33 GMT" time="18.334" errors="0">
  <testcase name="verifySignUpLinkTest" time="5.848" classname="com.qa.hubspot.tests.LoginPageTest"/>
  <testcase name="verifyLoginPageTitleTest" time="0.161" classname="com.qa.hubspot.tests.LoginPageTest"/>
  <testcase name="loginPageTest" time="1.536" classname="com.qa.hubspot.tests.LoginPageTest"/>
</testsuite> <!-- login page test -->
